This is pdfTeX, Version 3.14159265-2.6-1.40.20 (TeX Live 2019/Debian) (preloaded format=pdflatex 2021.10.24)  16 NOV 2021 01:18
entering extended mode
 restricted \write18 enabled.
 %&-line parsing enabled.
**sprawozdanie.tex
(./sprawozdanie.tex
LaTeX2e <2020-02-02> patch level 2
L3 programming layer <2020-02-14>
(/usr/share/texlive/texmf-dist/tex/latex/base/report.cls
Document Class: report 2019/12/20 v1.4l Standard LaTeX document class
(/usr/share/texlive/texmf-dist/tex/latex/base/size10.clo
File: size10.clo 2019/12/20 v1.4l Standard LaTeX file (size option)
)
\c@part=\count167
\c@chapter=\count168
\c@section=\count169
\c@subsection=\count170
\c@subsubsection=\count171
\c@paragraph=\count172
\c@subparagraph=\count173
\c@figure=\count174
\c@table=\count175
\abovecaptionskip=\skip47
\belowcaptionskip=\skip48
\bibindent=\dimen134
)
(/usr/share/texlive/texmf-dist/tex/latex/base/inputenc.sty
Package: inputenc 2018/08/11 v1.3c Input encoding file
\inpenc@prehook=\toks14
\inpenc@posthook=\toks15
)
(/usr/share/texlive/texmf-dist/tex/latex/base/fontenc.sty
Package: fontenc 2020/02/11 v2.0o Standard LaTeX package
)
(/usr/share/texlive/texmf-dist/tex/latex/l3backend/l3backend-pdfmode.def
File: l3backend-pdfmode.def 2020-02-03 L3 backend support: PDF mode
\l__kernel_color_stack_int=\count176
\l__pdf_internal_box=\box45
)

LaTeX Warning: Unused global option(s):
    [14pt].

(./sprawozdanie.aux)
\openout1 = `sprawozdanie.aux'.

LaTeX Font Info:    Checking defaults for OML/cmm/m/it on input line 7.
LaTeX Font Info:    ... okay on input line 7.
LaTeX Font Info:    Checking defaults for OMS/cmsy/m/n on input line 7.
LaTeX Font Info:    ... okay on input line 7.
LaTeX Font Info:    Checking defaults for OT1/cmr/m/n on input line 7.
LaTeX Font Info:    ... okay on input line 7.
LaTeX Font Info:    Checking defaults for T1/cmr/m/n on input line 7.
LaTeX Font Info:    ... okay on input line 7.
LaTeX Font Info:    Checking defaults for TS1/cmr/m/n on input line 7.
LaTeX Font Info:    ... okay on input line 7.
LaTeX Font Info:    Checking defaults for OMX/cmex/m/n on input line 7.
LaTeX Font Info:    ... okay on input line 7.
LaTeX Font Info:    Checking defaults for U/cmr/m/n on input line 7.
LaTeX Font Info:    ... okay on input line 7.
LaTeX Font Info:    External font `cmex10' loaded for size
(Font)              <12> on input line 8.
LaTeX Font Info:    External font `cmex10' loaded for size
(Font)              <8> on input line 8.
LaTeX Font Info:    External font `cmex10' loaded for size
(Font)              <6> on input line 8.
 [1

{/var/lib/texmf/fonts/map/pdftex/updmap/pdftex.map}]
Overfull \hbox (2.168pt too wide) in paragraph at lines 10--11
\T1/cmr/bx/n/10 of hand-writ-ten dig-its \T1/cmr/m/n/10 i przy po-mocy bib-liot
eki \T1/cmr/bx/n/10 Ten-sor-Flow \T1/cmr/m/n/10 nale»aªo stworzy¢
 []

[1]
LaTeX Font Info:    External font `cmex10' loaded for size
(Font)              <7> on input line 36.
LaTeX Font Info:    External font `cmex10' loaded for size
(Font)              <5> on input line 36.


LaTeX Warning: `!h' float specifier changed to `!ht'.


Overfull \hbox (0.25041pt too wide) in paragraph at lines 101--103
\T1/cmr/bx/n/10 Wniosek: \T1/cmr/m/n/10 Przy trenowa-nia sieciu neu-ronowych na
le»y uwa»nie wz-i¡¢ pod uwag¦
 []

[2] [3] (./sprawozdanie.aux) ) 
Here is how much of TeX's memory you used:
 651 strings out of 483183
 8750 string characters out of 5966291
 245602 words of memory out of 5000000
 15727 multiletter control sequences out of 15000+600000
 540709 words of font info for 41 fonts, out of 8000000 for 9000
 14 hyphenation exceptions out of 8191
 25i,9n,20p,717b,192s stack positions out of 5000i,500n,10000p,200000b,80000s
 </home/radikey/.texlive2019/texmf-var/fonts/pk/l
jfour/jknappen/ec/ecti1000.600pk> </home/radikey/.texlive2019/texmf-var/fonts/p
k/ljfour/jknappen/ec/tcrm1000.600pk> </home/radikey/.texlive2019/texmf-var/font
s/pk/ljfour/jknappen/ec/ecbx1000.600pk> </home/radikey/.texlive2019/texmf-var/f
onts/pk/ljfour/jknappen/ec/ecrm1000.600pk> </home/radikey/.texlive2019/texmf-va
r/fonts/pk/ljfour/jknappen/ec/ecbx1440.600pk> </home/radikey/.texlive2019/texmf
-var/fonts/pk/ljfour/jknappen/ec/ecrm1200.600pk> </home/radikey/.texlive2019/te
xmf-var/fonts/pk/ljfour/jknappen/ec/ecrm1728.600pk></usr/share/texlive/texmf-di
st/fonts/type1/public/amsfonts/cm/cmmi10.pfb></usr/share/texlive/texmf-dist/fon
ts/type1/public/amsfonts/cm/cmr10.pfb></usr/share/texlive/texmf-dist/fonts/type
1/public/amsfonts/cm/cmsy10.pfb>
Output written on sprawozdanie.pdf (4 pages, 99626 bytes).
PDF statistics:
 268 PDF objects out of 1000 (max. 8388607)
 47 compressed objects within 1 object stream
 0 named destinations out of 1000 (max. 500000)
 1 words of extra memory for PDF output out of 10000 (max. 10000000)

